<?xml version="1.0" encoding="UTF-8"?>
<!-- Generated by org.testng.reporters.JUnitReportReporter -->
<testsuite hostname="DESKTOP-4V2SKJM" failures="0" tests="3" name="Tests" time="97.833" errors="0" timestamp="2022-09-15T20:15:46 IDT" skipped="0">
  <testcase classname="Tests" name="signupTest" time="16.200"/>
  <system-out/>
  <testcase classname="Tests" name="addItemsToCart" time="54.821"/>
  <system-out/>
  <testcase classname="Tests" name="CompleteOrder" time="26.812"/>
  <system-out/>
</testsuite> <!-- Tests -->
